<?xml version="1.0" encoding="UTF-8"?>
<!-- Generated by org.testng.reporters.JUnitReportReporter -->
<testsuite hostname="HTCLT2425" failures="0" tests="1" name="com.htc.uep.testcases.LoginTestUEP" time="4.592" errors="0" timestamp="2022-12-14T11:55:40 IST" skipped="0">
  <testcase classname="com.htc.uep.testcases.LoginTestUEP" name="loginApplication" time="4.592"/>
  <system-out/>
</testsuite> <!-- com.htc.uep.testcases.LoginTestUEP -->
