<?xml version="1.0" encoding="UTF-8"?>
<!-- Generated by org.testng.reporters.JUnitReportReporter -->
<testsuite hostname="HTCLT2425" failures="0" tests="1" name="com.htc.uep.testcases.LoginTestUEP" time="5.310" errors="0" timestamp="2023-01-03T19:49:23 IST" skipped="0">
  <testcase classname="com.htc.uep.testcases.LoginTestUEP" name="loginApplication" time="5.310"/>
  <system-out/>
</testsuite> <!-- com.htc.uep.testcases.LoginTestUEP -->
